<?xml version="1.0" encoding="UTF-8"?>
<!-- Generated by org.testng.reporters.JUnitReportReporter -->
<testsuite skipped="0" hostname="LAPTOP-BSLDAL9Q" name="com.buffalocart.testscripts.HomeTest" tests="1" failures="0" timestamp="2021-12-07T08:17:09 IST" time="11.834" errors="0">
  <testcase name="verifyHomePageTitle" time="11.834" classname="com.buffalocart.testscripts.HomeTest"/>
  <system-out/>
</testsuite> <!-- com.buffalocart.testscripts.HomeTest -->
